<?xml version="1.0" encoding="utf-8"?><testsuites name="pytest tests"><testsuite name="pytest" errors="0" failures="0" skipped="0" tests="13" time="12.237" timestamp="2026-06-26T13:17:38.571854+00:00" hostname="agent-env-d7c233ee-490a-4e6f-a97d-6bec5430838d"><testcase classname="tests.test_rivalo_iter4.TestEmailVerification" name="test_send_verification_and_code_in_db" time="0.894" /><testcase classname="tests.test_rivalo_iter4.TestVerificationGating" name="test_fresh_user_not_verified" time="0.959" /><testcase classname="tests.test_rivalo_iter4.TestEmailVerification" name="test_verify_wrong_code_increments_attempts" time="1.431" /><testcase classname="tests.test_rivalo_iter4.TestVerificationGating" name="test_unverified_create_project_blocked" time="0.166" /><testcase classname="tests.test_rivalo_iter4.TestVerificationGating" name="test_unverified_apply_blocked" time="0.519" /><testcase classname="tests.test_rivalo_iter4.TestMeShape" name="test_demo_client_me_shape" time="0.099" /><testcase classname="tests.test_rivalo_iter4.TestMeShape" name="test_demo_freelancer_verified" time="0.482" /><testcase classname="tests.test_rivalo_iter4.TestProfileAndTrust" name="test_patch_me_new_fields_and_trust_recompute" time="0.296" /><testcase classname="tests.test_rivalo_iter4.TestEmailVerification" name="test_resend_then_verify_correct" time="0.538" /><testcase classname="tests.test_rivalo_iter4.TestProfileAndTrust" name="test_trust_ladder_monotonic_and_capped" time="1.448" /><testcase classname="tests.test_rivalo_iter4.TestEmailVerification" name="test_create_project_after_verify" time="0.106" /><testcase classname="tests.test_rivalo_iter4.TestAI" name="test_ai_chat_returns_reply" time="3.219" /><testcase classname="tests.test_rivalo_iter4.TestAI" name="test_ai_vetting_task_owner_paid_inprogress" time="4.062" /></testsuite></testsuites>