<?xml version="1.0" encoding="utf-8"?><testsuites name="pytest tests"><testsuite name="pytest" errors="0" failures="1" skipped="0" tests="8" time="4.615" timestamp="2026-09-03T23:35:05.118321+00:00" hostname="agent-env-d7c233ee-490a-4e6f-a97d-6bec5430838d"><testcase classname="tests.test_rivaloz_iter8" name="test_stats_200" time="0.275" /><testcase classname="tests.test_rivaloz_iter8" name="test_categories_200" time="0.133" /><testcase classname="tests.test_rivaloz_iter8" name="test_subscription_plans_200" time="0.174" /><testcase classname="tests.test_rivaloz_iter8" name="test_login_200" time="0.354" /><testcase classname="tests.test_rivaloz_iter8" name="test_auth_me_after_login" time="0.482" /><testcase classname="tests.test_rivaloz_iter8" name="test_ai_chat_returns_reply_or_502" time="2.215" /><testcase classname="tests.test_rivaloz_iter8" name="test_openapi_title_is_rivaloz" time="0.278"><failure message="requests.exceptions.JSONDecodeError: Expecting value: line 1 column 1 (char 0)">/root/.venv/lib/python3.11/site-packages/requests/models.py:1116: in json
    return complexjson.loads(self.text, **kwargs)
           ^^^^^^^^^^^^^^^^^^^^^^^^^^^^^^^^^^^^^^
/usr/local/lib/python3.11/json/__init__.py:346: in loads
    return _default_decoder.decode(s)
           ^^^^^^^^^^^^^^^^^^^^^^^^^^
/usr/local/lib/python3.11/json/decoder.py:337: in decode
    obj, end = self.raw_decode(s, idx=_w(s, 0).end())
               ^^^^^^^^^^^^^^^^^^^^^^^^^^^^^^^^^^^^^^
/usr/local/lib/python3.11/json/decoder.py:355: in raw_decode
    raise JSONDecodeError("Expecting value", s, err.value) from None
E   json.decoder.JSONDecodeError: Expecting value: line 1 column 1 (char 0)

During handling of the above exception, another exception occurred:
backend/tests/test_rivaloz_iter8.py:78: in test_openapi_title_is_rivaloz
    assert "Rivaloz" in r.json().get("info", {}).get("title", ""), r.json().get("info")
                        ^^^^^^^^
/root/.venv/lib/python3.11/site-packages/requests/models.py:1120: in json
    raise RequestsJSONDecodeError(e.msg, e.doc, e.pos)
E   requests.exceptions.JSONDecodeError: Expecting value: line 1 column 1 (char 0)</failure></testcase><testcase classname="tests.test_rivaloz_iter8" name="test_projects_list_200" time="0.124" /></testsuite></testsuites>