<?xml version="1.0" encoding="utf-8"?><testsuites name="pytest tests"><testsuite name="pytest" errors="1" failures="1" skipped="0" tests="7" time="2.659" timestamp="2026-06-26T14:42:15.781479+00:00" hostname="agent-env-d7c233ee-490a-4e6f-a97d-6bec5430838d"><testcase classname="tests.test_rivalo_iter5.TestSubscriptionCheckoutVerified" name="test_checkout_pro_returns_stripe_url" time="1.331" /><testcase classname="tests.test_rivalo_iter5.TestSubscriptionPlans" name="test_get_plans_returns_three_with_eur_prices" time="1.322" /><testcase classname="tests.test_rivalo_iter5.TestSubscriptionCheckoutVerified" name="test_checkout_invalid_plan_returns_4xx" time="0.050" /><testcase classname="tests.test_rivalo_iter5.TestMePlanFields" name="test_me_returns_plan_and_plan_expires" time="0.106" /><testcase classname="tests.test_rivalo_iter5.TestSubscriptionCheckoutUnverified" name="test_unverified_user_blocked_403" time="0.112"><error message="failed on setup with &quot;AssertionError: register failed: {&quot;detail&quot;:[{&quot;type&quot;:&quot;value_error&quot;,&quot;loc&quot;:[&quot;body&quot;,&quot;email&quot;],&quot;msg&quot;:&quot;value is not a valid email address: The part after the @-sign is a special-use or reserved name that cannot be used with email.&quot;,&quot;input&quot;:&quot;TEST_iter5_11e1d9cb@test.local&quot;,&quot;ctx&quot;:{&quot;reason&quot;:&quot;The part after the @-sign is a special-use or reserved name that cannot be used with email.&quot;}}]}&#10;assert 422 == 200&#10; +  where 422 = &lt;Response [422]&gt;.status_code&quot;">backend/tests/test_rivalo_iter5.py:36: in unverified_session
    assert r.status_code == 200, f"register failed: {r.text}"
E   AssertionError: register failed: {"detail":[{"type":"value_error","loc":["body","email"],"msg":"value is not a valid email address: The part after the @-sign is a special-use or reserved name that cannot be used with email.","input":"TEST_iter5_11e1d9cb@test.local","ctx":{"reason":"The part after the @-sign is a special-use or reserved name that cannot be used with email."}}]}
E   assert 422 == 200
E    +  where 422 = &lt;Response [422]&gt;.status_code</error></testcase><testcase classname="tests.test_rivalo_iter5.TestSimulatedActivation" name="test_simulate_paid_pro_then_me_reflects_plan" time="0.135" /><testcase classname="tests.test_rivalo_iter5.TestProjectBountyCheckoutSanity" name="test_project_payment_checkout_still_returns_url" time="0.134"><failure message="AssertionError: {&quot;detail&quot;:[{&quot;type&quot;:&quot;missing&quot;,&quot;loc&quot;:[&quot;body&quot;,&quot;budget&quot;],&quot;msg&quot;:&quot;Field required&quot;,&quot;input&quot;:{&quot;title&quot;:&quot;TEST_iter5_sanity_project&quot;,&quot;description&quot;:&quot;Sanity test bounty checkout — auto created.&quot;,&quot;category&quot;:&quot;Web Development&quot;,&quot;bounty&quot;:100.0,&quot;deadline_days&quot;:7},&quot;url&quot;:&quot;https://errors.pydantic.dev/2.13/v/missing&quot;},{&quot;type&quot;:&quot;missing&quot;,&quot;loc&quot;:[&quot;body&quot;,&quot;duration_hours&quot;],&quot;msg&quot;:&quot;Field required&quot;,&quot;input&quot;:{&quot;title&quot;:&quot;TEST_iter5_sanity_project&quot;,&quot;description&quot;:&quot;Sanity test bounty checkout — auto created.&quot;,&quot;category&quot;:&quot;Web Development&quot;,&quot;bounty&quot;:100.0,&quot;deadline_days&quot;:7},&quot;url&quot;:&quot;https://errors.pydantic.dev/2.13/v/missing&quot;}]}&#10;assert 422 == 200&#10; +  where 422 = &lt;Response [422]&gt;.status_code">backend/tests/test_rivalo_iter5.py:159: in test_project_payment_checkout_still_returns_url
    assert r.status_code == 200, r.text
E   AssertionError: {"detail":[{"type":"missing","loc":["body","budget"],"msg":"Field required","input":{"title":"TEST_iter5_sanity_project","description":"Sanity test bounty checkout — auto created.","category":"Web Development","bounty":100.0,"deadline_days":7},"url":"https://errors.pydantic.dev/2.13/v/missing"},{"type":"missing","loc":["body","duration_hours"],"msg":"Field required","input":{"title":"TEST_iter5_sanity_project","description":"Sanity test bounty checkout — auto created.","category":"Web Development","bounty":100.0,"deadline_days":7},"url":"https://errors.pydantic.dev/2.13/v/missing"}]}
E   assert 422 == 200
E    +  where 422 = &lt;Response [422]&gt;.status_code</failure></testcase></testsuite></testsuites>