<?xml version="1.0" encoding="utf-8"?><testsuites name="pytest tests"><testsuite name="pytest" errors="0" failures="1" skipped="0" tests="11" time="11.149" timestamp="2026-06-28T19:39:51.727527+00:00" hostname="agent-env-d7c233ee-490a-4e6f-a97d-6bec5430838d"><testcase classname="tests.test_rivalo_iter6.TestContactForm" name="test_contact_valid_persists_doc" time="0.471" /><testcase classname="tests.test_rivalo_iter6.TestContactForm" name="test_contact_honeypot_silently_dropped" time="0.325" /><testcase classname="tests.test_rivalo_iter6.TestContactForm" name="test_contact_short_message_422" time="0.108" /><testcase classname="tests.test_rivalo_iter6.TestWinnerRecommendation" name="test_owner_with_submissions_returns_ranked_and_winner" time="8.112" /><testcase classname="tests.test_rivalo_iter6.TestVettingTaskFairness" name="test_vetting_task_returns_fairness_fields" time="6.658"><failure message="AssertionError: missing field fairness_score in vetting-task response: ['title', 'goal', 'tasks', 'evaluation_criteria', 'time_estimate_minutes']&#10;assert 'fairness_score' in {'title': 'Mini Brand Concept Design Challenge', 'goal': 'Evaluate brand design approach for a fictional product.', 'tasks': [&quot;Design a logo for a fictional coffee brand, 'Brew Bliss'.&quot;, 'Choose one brand color palette and justify your choice in 2-3 sentences.', 'Create a sample business card design using your logo and color palette.'], 'evaluation_criteria': ['Creativity and originality of the logo design.', 'Suitability and appeal of the chosen color palette.', 'Professionalism and clarity of the business card layout.'], ...}">backend/tests/test_rivalo_iter6.py:204: in test_vetting_task_returns_fairness_fields
    assert k in data, f"missing field {k} in vetting-task response: {list(data.keys())}"
E   AssertionError: missing field fairness_score in vetting-task response: ['title', 'goal', 'tasks', 'evaluation_criteria', 'time_estimate_minutes']
E   assert 'fairness_score' in {'title': 'Mini Brand Concept Design Challenge', 'goal': 'Evaluate brand design approach for a fictional product.', 'tasks': ["Design a logo for a fictional coffee brand, 'Brew Bliss'.", 'Choose one brand color palette and justify your choice in 2-3 sentences.', 'Create a sample business card design using your logo and color palette.'], 'evaluation_criteria': ['Creativity and originality of the logo design.', 'Suitability and appeal of the chosen color palette.', 'Professionalism and clarity of the business card layout.'], ...}</failure></testcase><testcase classname="tests.test_rivalo_iter6.TestRegressionSubscriptionUnverified" name="test_unverified_blocked_403" time="0.447" /><testcase classname="tests.test_rivalo_iter6.TestRegressionProjectCheckout" name="test_project_payment_checkout_returns_stripe_url" time="0.613" /><testcase classname="tests.test_rivalo_iter6.TestWinnerRecommendation" name="test_non_owner_403" time="0.527" /><testcase classname="tests.test_rivalo_iter6.TestWinnerRecommendation" name="test_owner_zero_submissions_returns_400" time="0.346" /><testcase classname="tests.test_rivalo_iter6.TestRegressionMePlan" name="test_me_default_plan_free" time="0.424" /><testcase classname="tests.test_rivalo_iter6.TestRegressionAiChat" name="test_chat_returns_non_empty_reply" time="1.163" /></testsuite></testsuites>