<?xml version="1.0" encoding="utf-8"?><testsuites name="pytest tests"><testsuite name="pytest" errors="0" failures="0" skipped="1" tests="3" time="3.572" timestamp="2026-06-28T19:45:34.733976+00:00" hostname="agent-env-d7c233ee-490a-4e6f-a97d-6bec5430838d"><testcase classname="tests.test_rivalo_iter7.TestVettingTaskFairnessRetest" name="test_vetting_task_owner_returns_all_8_fields" time="2.649"><skipped type="pytest.skip" message="AI offline (502) — acceptable per spec">/app/backend/tests/test_rivalo_iter7.py:104: AI offline (502) — acceptable per spec</skipped></testcase><testcase classname="tests.test_rivalo_iter7.TestVettingTaskFairnessRetest" name="test_vetting_task_non_owner_returns_403" time="0.065" /><testcase classname="tests.test_rivalo_iter7.TestVettingTaskFairnessRetest" name="test_vetting_task_nonexistent_project_returns_404" time="0.050" /></testsuite></testsuites>